# JRE version: Java(TM) SE Runtime Environment (8.0-b128) (build 1.8.0-b128)
# Java VM: Java HotSpot(TM) Client VM (25.0-b69 mixed mode windows-x86 )
Heap:
 def new generation   total 38528K, used 4224K [0x04000000, 0x069c0000, 0x19550000)
  eden space 34304K,   0% used [0x04000000, 0x04000000, 0x06180000)
  from space 4224K, 100% used [0x065a0000, 0x069c0000, 0x069c0000)
  to   space 4224K,   0% used [0x06180000, 0x06180000, 0x065a0000)
 tenured generation   total 88576K, used 88525K [0x19550000, 0x1ebd0000, 0x44000000)
   the space 88576K,  99% used [0x19550000, 0x1ebc3738, 0x1b272c00, 0x1ebd0000)
 Metaspace       used 42213K, capacity 43478K, committed 43904K, reserved 44416K
GC Heap History (10 events):
Event: 5658.230 GC heap after
Heap after GC invocations=129 (full 6):
 def new generation   total 38528K, used 4224K [0x04000000, 0x069c0000, 0x19550000)
  eden space 34304K,   0% used [0x04000000, 0x04000000, 0x06180000)
  from space 4224K, 100% used [0x06180000, 0x065a0000, 0x065a0000)
  to   space 4224K,   0% used [0x065a0000, 0x065a0000, 0x069c0000)
 tenured generation   total 85240K, used 64048K [0x19550000, 0x1e88e000, 0x44000000)
   the space 85240K,  75% used [0x19550000, 0x1d3dc310, 0x1d3dc400, 0x1e88e000)
 Metaspace       used 39790K, capacity 40994K, committed 41472K, reserved 42368K
}
Event: 5659.377 GC heap before
{Heap before GC invocations=129 (full 6):
 def new generation   total 38528K, used 36671K [0x04000000, 0x069c0000, 0x19550000)
  eden space 34304K,  94% used [0x04000000, 0x05fafd60, 0x06180000)
  from space 4224K, 100% used [0x06180000, 0x065a0000, 0x065a0000)
  to   space 4224K,   0% used [0x065a0000, 0x065a0000, 0x069c0000)
 tenured generation   total 85240K, used 64048K [0x19550000, 0x1e88e000, 0x44000000)
   the space 85240K,  75% used [0x19550000, 0x1d3dc310, 0x1d3dc400, 0x1e88e000)
 Metaspace       used 39795K, capacity 41026K, committed 41472K, reserved 42368K
Event: 5659.428 GC heap after
Heap after GC invocations=130 (full 6):
 def new generation   total 38528K, used 4224K [0x04000000, 0x069c0000, 0x19550000)
  eden space 34304K,   0% used [0x04000000, 0x04000000, 0x06180000)
  from space 4224K, 100% used [0x065a0000, 0x069c0000, 0x069c0000)
  to   space 4224K,   0% used [0x06180000, 0x06180000, 0x065a0000)
 tenured generation   total 85240K, used 72114K [0x19550000, 0x1e88e000, 0x44000000)
   the space 85240K,  84% used [0x19550000, 0x1dbbca68, 0x1dbbcc00, 0x1e88e000)
 Metaspace       used 39795K, capacity 41026K, committed 41472K, reserved 42368K
}
Event: 5672.238 GC heap before
{Heap before GC invocations=130 (full 6):
 def new generation   total 38528K, used 38528K [0x04000000, 0x069c0000, 0x19550000)
  eden space 34304K, 100% used [0x04000000, 0x06180000, 0x06180000)
  from space 4224K, 100% used [0x065a0000, 0x069c0000, 0x069c0000)
  to   space 4224K,   0% used [0x06180000, 0x06180000, 0x065a0000)
 tenured generation   total 85240K, used 72114K [0x19550000, 0x1e88e000, 0x44000000)
   the space 85240K,  84% used [0x19550000, 0x1dbbca68, 0x1dbbcc00, 0x1e88e000)
 Metaspace       used 39812K, capacity 41041K, committed 41472K, reserved 42368K
Event: 5672.262 GC heap after
Heap after GC invocations=131 (full 6):
 def new generation   total 38528K, used 1130K [0x04000000, 0x069c0000, 0x19550000)
  eden space 34304K,   0% used [0x04000000, 0x04000000, 0x06180000)
  from space 4224K,  26% used [0x06180000, 0x0629ab38, 0x065a0000)
  to   space 4224K,   0% used [0x065a0000, 0x065a0000, 0x069c0000)
 tenured generation   total 85240K, used 73509K [0x19550000, 0x1e88e000, 0x44000000)
   the space 85240K,  86% used [0x19550000, 0x1dd19790, 0x1dd19800, 0x1e88e000)
 Metaspace       used 39812K, capacity 41041K, committed 41472K, reserved 42368K
}
Event: 5674.989 GC heap before
{Heap before GC invocations=131 (full 6):
 def new generation   total 38528K, used 35434K [0x04000000, 0x069c0000, 0x19550000)
  eden space 34304K, 100% used [0x04000000, 0x06180000, 0x06180000)
  from space 4224K,  26% used [0x06180000, 0x0629ab38, 0x065a0000)
  to   space 4224K,   0% used [0x065a0000, 0x065a0000, 0x069c0000)
 tenured generation   total 85240K, used 73509K [0x19550000, 0x1e88e000, 0x44000000)
   the space 85240K,  86% used [0x19550000, 0x1dd19790, 0x1dd19800, 0x1e88e000)
 Metaspace       used 39820K, capacity 41043K, committed 41472K, reserved 42368K
Event: 5675.011 GC heap after
Heap after GC invocations=132 (full 6):
 def new generation   total 38528K, used 1596K [0x04000000, 0x069c0000, 0x19550000)
  eden space 34304K,   0% used [0x04000000, 0x04000000, 0x06180000)
  from space 4224K,  37% used [0x065a0000, 0x0672f320, 0x069c0000)
  to   space 4224K,   0% used [0x06180000, 0x06180000, 0x065a0000)
 tenured generation   total 85240K, used 73509K [0x19550000, 0x1e88e000, 0x44000000)
   the space 85240K,  86% used [0x19550000, 0x1dd19790, 0x1dd19800, 0x1e88e000)
 Metaspace       used 39820K, capacity 41043K, committed 41472K, reserved 42368K
}
Event: 5678.607 GC heap before
{Heap before GC invocations=132 (full 6):
 def new generation   total 38528K, used 35898K [0x04000000, 0x069c0000, 0x19550000)
  eden space 34304K,  99% used [0x04000000, 0x0617f828, 0x06180000)
  from space 4224K,  37% used [0x065a0000, 0x0672f320, 0x069c0000)
  to   space 4224K,   0% used [0x06180000, 0x06180000, 0x065a0000)
 tenured generation   total 85240K, used 73509K [0x19550000, 0x1e88e000, 0x44000000)
   the space 85240K,  86% used [0x19550000, 0x1dd19790, 0x1dd19800, 0x1e88e000)
 Metaspace       used 41887K, capacity 43158K, committed 43648K, reserved 44416K
Event: 5678.646 GC heap after
Heap after GC invocations=133 (full 6):
 def new generation   total 38528K, used 4224K [0x04000000, 0x069c0000, 0x19550000)
  eden space 34304K,   0% used [0x04000000, 0x04000000, 0x06180000)
  from space 4224K, 100% used [0x06180000, 0x065a0000, 0x065a0000)
  to   space 4224K,   0% used [0x065a0000, 0x065a0000, 0x069c0000)
 tenured generation   total 85240K, used 79019K [0x19550000, 0x1e88e000, 0x44000000)
   the space 85240K,  92% used [0x19550000, 0x1e27ac58, 0x1e27ae00, 0x1e88e000)
 Metaspace       used 41887K, capacity 43158K, committed 43648K, reserved 44416K
}
Event: 5679.395 GC heap before
{Heap before GC invocations=133 (full 6):
 def new generation   total 38528K, used 38503K [0x04000000, 0x069c0000, 0x19550000)
  eden space 34304K,  99% used [0x04000000, 0x06179eb0, 0x06180000)
  from space 4224K, 100% used [0x06180000, 0x065a0000, 0x065a0000)
  to   space 4224K,   0% used [0x065a0000, 0x065a0000, 0x069c0000)
 tenured generation   total 85240K, used 79019K [0x19550000, 0x1e88e000, 0x44000000)
   the space 85240K,  92% used [0x19550000, 0x1e27ac58, 0x1e27ae00, 0x1e88e000)
 Metaspace       used 42213K, capacity 43478K, committed 43904K, reserved 44416K

